
=================================================================
==140863==ERROR: AddressSanitizer: heap-buffer-overflow on address 0x6020000108b0 at pc 0x5642cbff3780 bp 0x7fffd5ab3f30 sp 0x7fffd5ab3f20
WRITE of size 4 at 0x6020000108b0 thread T0
    #0 0x5642cbff377f in do_name_to_handle_at ../linux-user/syscall.c:7885
    #1 0x5642cbff377f in do_syscall1 ../linux-user/syscall.c:8685
    #2 0x5642cbff3922 in do_syscall ../linux-user/syscall.c:13220
    #3 0x5642cbddee36 in cpu_loop ../linux-user/x86_64/../i386/cpu_loop.c:234
    #4 0x5642cbdd5cb4 in main ../linux-user/main.c:918
    #5 0x7efccad51082 in __libc_start_main ../csu/libc-start.c:308
    #6 0x5642cbdd7d9d in _start (/var/qemu3/bin/qemu-x86_64+0xeed9d)

0x6020000108b1 is located 0 bytes to the right of 1-byte region [0x6020000108b0,0x6020000108b1)
allocated by thread T0 here:
    #0 0x7efccb2d9a06 in __interceptor_calloc ../../../../src/libsanitizer/asan/asan_malloc_linux.cc:153
    #1 0x7efccaf9bef0 in g_malloc0 (/lib/x86_64-linux-gnu/libglib-2.0.so.0+0x57ef0)
    #2 0x5642cbff3922 in do_syscall ../linux-user/syscall.c:13220

SUMMARY: AddressSanitizer: heap-buffer-overflow ../linux-user/syscall.c:7885 in do_name_to_handle_at
Shadow bytes around the buggy address:
  0x0c047fffa0c0: fa fa fd fa fa fa fd fa fa fa fd fa fa fa fd fa
  0x0c047fffa0d0: fa fa fd fa fa fa fd fa fa fa fd fa fa fa fd fa
  0x0c047fffa0e0: fa fa fd fa fa fa fd fa fa fa fd fa fa fa fd fa
  0x0c047fffa0f0: fa fa fd fa fa fa fd fa fa fa fd fa fa fa fd fa
  0x0c047fffa100: fa fa fd fa fa fa fd fa fa fa fd fa fa fa fd fa
=>0x0c047fffa110: fa fa fd fa fa fa[01]fa fa fa fa fa fa fa fa fa
  0x0c047fffa120: fa fa fa fa fa fa fa fa fa fa fa fa fa fa fa fa
  0x0c047fffa130: fa fa fa fa fa fa fa fa fa fa fa fa fa fa fa fa
  0x0c047fffa140: fa fa fa fa fa fa fa fa fa fa fa fa fa fa fa fa
  0x0c047fffa150: fa fa fa fa fa fa fa fa fa fa fa fa fa fa fa fa
  0x0c047fffa160: fa fa fa fa fa fa fa fa fa fa fa fa fa fa fa fa
Shadow byte legend (one shadow byte represents 8 application bytes):
  Addressable:           00
  Partially addressable: 01 02 03 04 05 06 07 
  Heap left redzone:       fa
  Freed heap region:       fd
  Stack left redzone:      f1
  Stack mid redzone:       f2
  Stack right redzone:     f3
  Stack after return:      f5
  Stack use after scope:   f8
  Global redzone:          f9
  Global init order:       f6
  Poisoned by user:        f7
  Container overflow:      fc
  Array cookie:            ac
  Intra object redzone:    bb
  ASan internal:           fe
  Left alloca redzone:     ca
  Right alloca redzone:    cb
  Shadow gap:              cc
==140863==ABORTING

